<?xml version="1.0" encoding="UTF-8"?>
<testng-results skipped="0" failed="0" total="1" passed="1">
  <reporter-output>
  </reporter-output>
  <suite name="Suite" duration-ms="639" started-at="2019-08-15T12:57:49Z" finished-at="2019-08-15T12:57:50Z">
    <groups>
    </groups>
    <test name="Test" duration-ms="639" started-at="2019-08-15T12:57:49Z" finished-at="2019-08-15T12:57:50Z">
      <class name="testngclass.GetDetails">
        <test-method status="PASS" signature="beforeTest()[pri:0, instance:testngclass.GetDetails@1e0f4f]" name="beforeTest" is-config="true" duration-ms="614" started-at="2019-08-15T18:27:49Z" finished-at="2019-08-15T18:27:50Z">
          <reporter-output>
          </reporter-output>
        </test-method> <!-- beforeTest -->
        <test-method status="PASS" signature="getSingle()[pri:3, instance:testngclass.GetDetails@1e0f4f]" name="getSingle" duration-ms="11" started-at="2019-08-15T18:27:50Z" finished-at="2019-08-15T18:27:50Z">
          <reporter-output>
          </reporter-output>
        </test-method> <!-- getSingle -->
        <test-method status="PASS" signature="afterTest()[pri:0, instance:testngclass.GetDetails@1e0f4f]" name="afterTest" is-config="true" duration-ms="1" started-at="2019-08-15T18:27:50Z" finished-at="2019-08-15T18:27:50Z">
          <reporter-output>
          </reporter-output>
        </test-method> <!-- afterTest -->
      </class> <!-- testngclass.GetDetails -->
    </test> <!-- Test -->
  </suite> <!-- Suite -->
</testng-results>
